                      [Portal] 2007 | 10000k | 108353 (98%) | 3.0h
                               Puzzle,Puzzle-Platformer,First-Person,3D Platfo...
               [Geometry Dash] 2014 | 5000k | 182534 (94%) | 0.6h
                               Difficult,Music,Great Soundtrack,Precision Plat...
           [Little Nightmares] 2017 | 2000k | 75367 (95%) | 3.5h
                               Horror,Atmospheric,Adventure,Singleplayer,Dark,...
      [A Story About My Uncle] 2014 | 5000k | 25589 (92%) | 3.0h
                               Adventure,First-Person,Parkour,Singleplayer,Ind...
              [Goat Simulator] 2014 | 2000k | 53579 (90%) | 1.5h
                               Simulation,Funny,Comedy,Open World,Sandbox,Phys...
       [Half-Life: Blue Shift] 2001 | 10000k | 10256 (91%) | 3.0h
                               FPS,Action,Sci-fi,Singleplayer,Shooter,Aliens,C...
         [Plague Inc: Evolved] 2016 | 2000k | 41913 (94%) | 2.5h
                               Strategy,Simulation,Outbreak Sim,Indie,Singlepl...
                [SpeedRunners] 2016 | 2000k | 31106 (94%) | 2.0h
                               Multiplayer,Racing,Local Multiplayer,Indie,Comp...
       [Skullgirls 2nd Encore] 2013 | 2000k | 24127 (94%) | 2.5h
                               Fighting,2D Fighter,Indie,Female Protagonist,Ha...
     [A Dance of Fire and Ice] 2019 | 1000k | 39971 (94%) | 3.0h
                               Rhythm,Music,Indie,Difficult,Great Soundtrack,S...
             [The Expendabros] 2014 | 2000k | 17068 (97%) | 1.0h
                               Free to Play,Action,Pixel Graphics,2D,Multiplay...
                   [Duck Game] 2015 | 1000k | 32180 (97%) | 0.9h
                               Multiplayer,Funny,Pixel Graphics,Local Multipla...
     [Five Nights at Freddy's] 2014 | 1000k | 31124 (92%) | 2.0h
                               Horror,Singleplayer,Survival Horror,Robots,Psyc...
                [Risk of Rain] 2013 | 1000k | 26591 (94%) | 3.5h
                               Action Roguelike,Rogue-like,Indie,Platformer,Ac...
                    [SUPERHOT] 2016 | 1000k | 27409 (90%) | 2.5h
                               Action,FPS,Bullet Time,Time Manipulation,Indie,...
                     [Unheard] 2019 | 1000k | 24009 (97%) | 3.0h
                               Detective,Puzzle,Indie,RPG,Simulation,Mystery,S...
[The Awesome Adventures of Captain Spirit] 2018 | 2000k | 11635 (93%) | 1.5h
                               Free to Play,Story Rich,Adventure,Choices Matte...
[Freddy Fazbear's Pizzeria Simulator] 2017 | 1000k | 19812 (94%) | 2.5h
                               Free to Play,Horror,Singleplayer,Survival Horro...
                  [Iron Snout] 2016 | 1000k | 16435 (98%) | 2.5h
                               Free to Play,2D Fighter,Funny,Action,Fighting,G...
             [Blood and Bacon] 2016 | 500k | 27509 (95%) | 3.0h
                               Gore,Funny,Multiplayer,Shooter,Action,FPS,Horro...
 [What Remains of Edith Finch] 2017 | 500k | 25897 (96%) | 2.0h
                               Story Rich,Atmospheric,Walking Simulator,First-...
              [Moonbase Alpha] 2010 | 1000k | 11226 (90%) | 1.0h
                               Space,Simulation,Free to Play,Multiplayer,Onlin...
                     [Journey] 2020 | 500k | 20432 (95%) | 2.0h
                               Adventure,Beautiful,Indie,Atmospheric,Explorati...
                        [ICEY] 2016 | 500k | 20095 (91%) | 2.5h
                               Action,Female Protagonist,Hack and Slash,Anime,...
[Clone Drone in the Danger Zone] 2021 | 500k | 18291 (97%) | 0.9h
                               Robots,Action,3D Fighter,Swordplay,Fighting,Ind...
                 [Baba Is You] 2019 | 500k | 15787 (98%) | 3.5h
                               Puzzle,Indie,Difficult,Singleplayer,Pixel Graph...
         [Just Shapes & Beats] 2018 | 500k | 14532 (98%) | 3.0h
                               Rhythm,Great Soundtrack,Music,Bullet Hell,Diffi...
   [Five Nights at Freddy's 2] 2014 | 500k | 14402 (94%) | 2.5h
                               Horror,Singleplayer,Survival Horror,Robots,Psyc...
                   [ISLANDERS] 2019 | 500k | 13433 (95%) | 2.5h
                               Relaxing,City Builder,Strategy,Building,Puzzle,...
                 [Pony Island] 2016 | 500k | 12343 (95%) | 2.5h
                               Puzzle,Indie,Psychological Horror,Pixel Graphic...
                    [Gunpoint] 2013 | 500k | 11854 (97%) | 3.0h
                               Stealth,Indie,Puzzle,2D,Pixel Graphics,Singlepl...
            [Glass Masquerade] 2016 | 1000k | 5375 (97%) | 3.5h
                               Puzzle,Relaxing,Casual,Indie,Atmospheric,Great ...
                [Clustertruck] 2016 | 500k | 11119 (93%) | 3.5h
                               Parkour,Automobile Sim,Action,First-Person,3D P...
             [FAR: Lone Sails] 2018 | 500k | 10524 (94%) | 3.0h
                               Atmospheric,Adventure,Indie,Post-apocalyptic,Gr...
                     [The Lab] 2016 | 1000k | 5105 (95%) | 1.5h
                               Free to Play,VR,Action,Singleplayer,First-Perso...
                [Monster Prom] 2018 | 500k | 10279 (93%) | 1.0h
                               Dating Sim,Comedy,LGBTQ+,Multiplayer,Choices Ma...
   [Five Nights at Freddy's 4] 2015 | 500k | 9527 (93%) | 2.0h
                               Horror,Survival Horror,Singleplayer,Robots,Firs...
              [Little Inferno] 2012 | 500k | 9148 (94%) | 3.0h
                               Casual,Indie,Singleplayer,Puzzle,Satire,Funny,C...
[Viscera Cleanup Detail: Santa's Rampage] 2013 | 1000k | 4638 (91%) | 2.0h
                               Simulation,Gore,Co-op,Indie,Blood,Comedy,Funny,...
  [Transmissions: Element 120] 2016 | 500k | 8734 (94%) | 1.0h
                               Free to Play,Action,Shooter,Zombies,Horror,Mult...
                      [VVVVVV] 2010 | 500k | 8511 (96%) | 2.5h
                               Pixel Graphics,Precision Platformer,Platformer,...
            [Thomas Was Alone] 2012 | 500k | 8219 (94%) | 3.5h
                               Platformer,Indie,Narration,Minimalist,Puzzle,Gr...
            [Genital Jousting] 2018 | 500k | 8353 (92%) | 1.5h
                               Sexual Content,Nudity,Action,Comedy,Multiplayer...
     [Octodad: Dadliest Catch] 2014 | 500k | 8199 (93%) | 2.5h
                               Comedy,Physics,Indie,Funny,Family Friendly,Adve...
[Five Nights at Freddy's: Sister Location] 2016 | 500k | 8389 (91%) | 2.5h
                               Horror,Survival Horror,Singleplayer,Robots,Firs...
                        [Zup!] 2016 | 500k | 7687 (94%) | 0.3h
                               Puzzle,Casual,Physics,Indie,Relaxing,Minimalist...
                      [Viridi] 2015 | 500k | 7517 (92%) | 2.5h
                               Free to Play,Relaxing,Simulation,Casual,Atmosph...
          [Mount Your Friends] 2014 | 500k | 7163 (95%) | 1.0h
                               Funny,Comedy,Multiplayer,Sports,Indie,Physics,L...
        [Cube Escape: Paradox] 2018 | 500k | 6654 (97%) | 2.0h
                               Puzzle,Free to Play,Point & Click,Psychological...
     [Do Not Feed the Monkeys] 2018 | 500k | 6490 (93%) | 3.0h
                               Point & Click,Political Sim,Management,Strategy...
                     [Refunct] 2015 | 200k | 15798 (96%) | 0.4h
                               Parkour,Relaxing,3D Platformer,Short,Puzzle-Pla...
                [The Room Two] 2016 | 200k | 14447 (98%) | 3.0h
                               Puzzle,Mystery,Point & Click,Atmospheric,Hidden...
                    [Pikuniku] 2019 | 500k | 5454 (96%) | 3.0h
                               Indie,Adventure,Casual,Action,Cute,Funny,Co-op,...
                [Soda Dungeon] 2017 | 500k | 5311 (94%) | 3.5h
                               Free to Play,RPG,Pixel Graphics,Casual,2D,Click...
                     [Gorogoa] 2017 | 200k | 11465 (97%) | 2.0h
                               Puzzle,Hand-drawn,Indie,Beautiful,Singleplayer,...
                       [Himno] 2019 | 500k | 4852 (92%) | 0.4h
                               Free to Play,Pixel Graphics,2D,Platformer,Singl...
                     [Montaro] 2016 | 200k | 11416 (95%) | 1.0h
                               Memes,Cute,Anime,Casual,Indie,Pixel Graphics,Ru...
                 [Superflight] 2017 | 200k | 9612 (97%) | 1.5h
                               Indie,Flight,Relaxing,Casual,Procedural Generat...
              [Ticket to Ride] 2012 | 500k | 3942 (90%) | 0.5h
                               Board Game,Strategy,Tabletop,Casual,Multiplayer...
             [One Way Heroics] 2014 | 500k | 3659 (94%) | 2.0h
                               Side Scroller,Traditional Roguelike,Mystery Dun...
[Tiny and Big: Grandpa's Leftovers] 2012 | 500k | 3681 (92%) | 2.5h
                               Indie,Physics,Platformer,Puzzle,Great Soundtrac...
                        [Hook] 2015 | 200k | 8240 (97%) | 2.0h
                               Casual,Relaxing,Puzzle,Minimalist,Abstract,Shor...
                [Hidden Folks] 2017 | 200k | 7814 (97%) | 3.0h
                               Hidden Object,Casual,Hand-drawn,Indie,Puzzle,Po...
                 [FrostRunner] 2019 | 500k | 2980 (95%) | 0.8h
                               Free to Play,Parkour,Action,Indie,3D Platformer...
                    [Florence] 2020 | 200k | 6945 (94%) | 0.7h
                               Indie,Casual,Adventure,Romance,Story Rich,Cute,...
           [Hatoful Boyfriend] 2014 | 200k | 6375 (94%) | 1.5h
                               Visual Novel,Anime,Dating Sim,Female Protagonis...
         [Out There Somewhere] 2016 | 200k | 6386 (93%) | 1.5h
                               Platformer,Pixel Graphics,Indie,Adventure,Puzzl...
              [The Silent Age] 2015 | 200k | 6162 (93%) | 3.0h
                               Point & Click,Side Scroller,Psychological Horro...
                      [Zup! 2] 2016 | 200k | 5941 (96%) | 0.7h
                               Indie,Casual,Puzzle,Singleplayer,Physics,Minima...
                    [Distance] 2018 | 200k | 6026 (93%) | 2.0h
                               Racing,Great Soundtrack,Futuristic,Multiplayer,...
                [A Short Hike] 2019 | 100k | 10937 (99%) | 1.5h
                               Adventure,Exploration,Indie,Cute,Relaxing,Pixel...
            [Rusty Lake Hotel] 2016 | 200k | 5622 (96%) | 2.0h
                               Puzzle,Point & Click,Indie,Adventure,Horror,Psy...
                [Donut County] 2018 | 200k | 5756 (90%) | 2.0h
                               Indie,Casual,Cute,Funny,Adventure,Puzzle,Physic...
                [Marie's Room] 2018 | 200k | 5429 (94%) | 0.7h
                               Free to Play,Story Rich,Atmospheric,Indie,Walki...
                   [Jamestown] 2011 | 500k | 2114 (94%) | 2.5h
                               Shoot 'Em Up,Bullet Hell,Local Co-Op,Indie,Arca...
                [Kindergarten] 2017 | 200k | 5127 (96%) | 3.0h
                               Funny,Gore,Pixel Graphics,Singleplayer,Violent,...
    [You Have to Win the Game] 2014 | 200k | 5200 (93%) | 1.5h
                               Metroidvania,Free to Play,Retro,Platformer,Indi...
         [Lethal League Blaze] 2018 | 200k | 4976 (97%) | 2.0h
                               Action,Indie,Great Soundtrack,2D Fighter,Sports...
                  [Botanicula] 2012 | 200k | 4879 (96%) | 3.5h
                               Casual,Exploration,Funny,Point & Click,Story Ri...
                    [Hexcells] 2014 | 200k | 4820 (97%) | 2.0h
                               Puzzle,Casual,Indie,Singleplayer,Logic,Minimali...
           [Emily is Away Too] 2017 | 200k | 4784 (94%) | 2.0h
                               Indie,Simulation,Choices Matter,Dating Sim,Casu...
                 [Hentai Girl] 2018 | 200k | 4662 (91%) | 0.3h
                               Sexual Content,Nudity,Mature,Anime,Puzzle,Casua...
                    [Contrast] 2013 | 200k | 4635 (91%) | 3.5h
                               Indie,Female Protagonist,Adventure,Noir,Puzzle,...
                   [Grow Home] 2015 | 200k | 4579 (92%) | 2.5h
                               Open World,Adventure,Singleplayer,Exploration,3...
                      [Zup! 3] 2017 | 200k | 4645 (90%) | 0.9h
                               Casual,Puzzle,Indie,Minimalist,Relaxing,Singlep...
                  [Yume Nikki] 2018 | 200k | 4420 (93%) | 3.5h
                               Free to Play,Indie,Psychological Horror,RPGMake...
              [What Never Was] 2019 | 200k | 4258 (95%) | 0.5h
                               Free to Play,Adventure,Puzzle,Indie,Story Rich,...
         [PULSAR: Lost Colony] 2021 | 200k | 4295 (91%) | 1.5h
                               Space,Co-op,Open World,Adventure,Multiplayer,Ac...
             [Confess My Love] 2017 | 200k | 4018 (93%) | 2.0h
                               Free to Play,RPG,Anime,Horror,Multiple Endings,...
                [SimplePlanes] 2015 | 100k | 8083 (93%) | 3.5h
                               Automation,Flight,Sandbox,Exploration,Physics,B...
                         [140] 2013 | 200k | 3998 (93%) | 1.0h
                               Platformer,Indie,Rhythm,Minimalist,Music,Great ...
          [Meteor 60 Seconds!] 2018 | 200k | 3824 (96%) | 0.1h
                               Free to Play,Funny,Indie,Simulation,Multiple En...
                  [Mad Father] 2016 | 200k | 3459 (97%) | 3.0h
                               RPGMaker,Horror,Psychological Horror,Anime,Expl...
[Robot Roller-Derby Disco Dodgeball] 2015 | 200k | 3537 (92%) | 2.5h
                               Arena Shooter,FPS,Sports,PvP,Shooter,Competitiv...
               [Job Simulator] 2016 | 200k | 3293 (90%) | 2.5h
                               VR,Simulation,Funny,Singleplayer,First-Person,R...
         [Rusty Lake Paradise] 2018 | 200k | 3088 (95%) | 3.0h
                               Puzzle,Point & Click,Indie,Adventure,Psychologi...
[Oh...Sir!! The Insult Simulator] 2016 | 200k | 3140 (91%) | 1.0h
                               Indie,Comedy,Simulation,Funny,Multiplayer,Local...
      [The Darkside Detective] 2017 | 200k | 2937 (95%) | 3.0h
                               Point & Click,Adventure,Detective,Pixel Graphic...
                   [Turbo Pug] 2015 | 200k | 3066 (91%) | 0.6h
                               Indie,Pixel Graphics,Casual,2D,Difficult,Side S...
         [TowerFall Ascension] 2014 | 200k | 2795 (95%) | 3.5h
                               Local Multiplayer,Indie,2D Fighter,Action,Local...
[Princess Remedy in a World of Hurt] 2016 | 200k | 2679 (98%) | 0.8h
                               Indie,Female Protagonist,Free to Play,Pixel Gra...
               [Lara Croft GO] 2016 | 200k | 2759 (92%) | 3.5h
                               Adventure,Puzzle,Female Protagonist,Turn-Based,...
        [Space Pirate Trainer] 2017 | 200k | 2574 (95%) | 0.3h
                               VR,Action,Space,First-Person,Shooter,Great Soun...
                  [Tattletail] 2016 | 200k | 2620 (93%) | 1.0h
                               Horror,First-Person,Survival Horror,Singleplaye...
                   [Papo & Yo] 2013 | 200k | 2564 (94%) | 3.5h
                               3D Platformer,Puzzle-Platformer,Indie,Adventure...
     [The Battle of Polytopia] 2020 | 200k | 2481 (95%) | 1.5h
                               Strategy,Turn-Based,Singleplayer,4X,Turn-Based ...
               [Alien Shooter] 2009 | 200k | 2475 (95%) | 2.0h
                               Shooter,Action,Blood,Aliens,Horror,Gore,Action ...
                   [Aimtastic] 2018 | 200k | 2373 (94%) | 1.5h
                               Free to Play,Early Access,Action,FPS,Indie,e-sp...
       [Super Blue Boy Planet] 2016 | 200k | 2363 (91%) | 0.5h
                               Free to Play,Pixel Graphics,Indie,2D,Platformer...
                    [The Deed] 2015 | 200k | 2312 (90%) | 0.4h
                               RPGMaker,Adventure,RPG,Visual Novel,Crime,Detec...
               [Lovely Planet] 2014 | 200k | 2282 (91%) | 3.0h
                               Indie,Action,FPS,Cute,Great Soundtrack,Difficul...
              [Dreaming Sarah] 2015 | 200k | 2241 (91%) | 1.5h
                               Metroidvania,Puzzle-Platformer,Casual,Explorati...
               [Cheeky Chooks] 2018 | 200k | 2131 (94%) | 3.5h
                               Free to Play,Casual,Strategy,Indie,Cute,Simulat...
      [Kung Fury: Street Rage] 2015 | 200k | 2183 (90%) | 2.5h
                               Arcade,Beat 'em up,Indie,Action,1980s,Retro,Sid...
               [Trick & Treat] 2016 | 200k | 2037 (96%) | 1.5h
                               Free to Play,RPGMaker,Pixel Graphics,Adventure,...
               [Fox Hime Zero] 2018 | 100k | 3936 (97%) | 1.5h
                               Visual Novel,Anime,Indie,Cute,Adventure,Casual,...
         [I Expect You To Die] 2017 | 200k | 2017 (95%) | 2.0h
                               VR,Puzzle,Strategy,Action,Immersive,Simulation,...
    [Full Throttle Remastered] 2017 | 200k | 2045 (93%) | 3.5h
                               Adventure,Point & Click,Comedy,Classic,Singlepl...
         [Hero of the Kingdom] 2013 | 100k | 3914 (93%) | 3.0h
                               Casual,Adventure,Indie,Point & Click,RPG,Single...
           [Another Adventure] 2017 | 100k | 3935 (91%) | 0.9h
                               Indie,Adventure,Drama,Puzzle,Visual Novel
                      [Zup! 8] 2018 | 100k | 3537 (96%) | 1.0h
                               Indie,Puzzle,Casual,Singleplayer,2D,Physics,Rel...
                  [Save Jesus] 2016 | 200k | 1865 (90%) | 2.0h
                               Memes,Illuminati,Casual,Cold War,Anime,Puzzle,I...
             [HIVESWAP: ACT 1] 2017 | 100k | 3522 (93%) | 2.0h
                               Adventure,Point & Click,Great Soundtrack,RPG,In...
                 [Red Trigger] 2016 | 200k | 1815 (90%) | 0.7h
                               Free to Play,Indie,Puzzle,FPS,Parkour,First-Per...
                     [Solar 2] 2011 | 200k | 1802 (91%) | 2.0h
                               Space,Indie,Casual,Sandbox,Relaxing,Simulation,...
[Bloodstained: Curse of the Moon] 2018 | 100k | 3359 (95%) | 2.0h
                               Action,Pixel Graphics,Retro,Metroidvania,Platfo...
  [Westerado: Double Barreled] 2015 | 200k | 1591 (92%) | 2.5h
                               Western,Pixel Graphics,Open World,Adventure,Ind...
                      [Hylics] 2015 | 100k | 2870 (98%) | 3.5h
                               Indie,Surreal,RPG,Abstract,RPGMaker,Great Sound...
                 [Gato Roboto] 2019 | 100k | 2900 (95%) | 3.0h
                               Indie,Action,Adventure,Metroidvania,Pixel Graph...
          [Press X to Not Die] 2017 | 100k | 3032 (90%) | 0.6h
                               Comedy,FMV,Quick-Time Events,Action,Nudity,Indi...
        [Electronic Super Joy] 2013 | 100k | 3021 (90%) | 3.0h
                               Platformer,Indie,Great Soundtrack,Difficult,Mus...
                     [Boson X] 2014 | 200k | 1426 (93%) | 3.0h
                               Difficult,Action,Arcade,Runner,Minimalist,Parko...
                       [Zenge] 2016 | 100k | 2722 (95%) | 1.5h
                               Puzzle,Indie,Casual,Minimalist,Relaxing,Great S...
[SEUM: Speedrunners from Hell] 2016 | 100k | 2576 (95%) | 3.0h
                               3D Platformer,Parkour,Precision Platformer,Firs...
                  [NEKOPALIVE] 2016 | 200k | 1320 (93%) | 0.3h
                               Anime,Free to Play,VR,Cute,Sexual Content,Music...
              [Peggle Extreme] 2007 | 200k | 1282 (93%) | 0.7h
                               Casual,Puzzle,Free to Play,Action,Psychological...
   [Trover Saves the Universe] 2019 | 100k | 2449 (92%) | 3.5h
                               Adventure,Indie,Action,VR,Comedy,Dark Humor,Fun...
                      [Zup! 5] 2017 | 100k | 2374 (94%) | 1.0h
                               Casual,Indie,Puzzle,2D,Singleplayer,Minimalist,...
                      [Zup! 4] 2017 | 100k | 2440 (90%) | 0.7h
                               Casual,Indie,Puzzle,Minimalist,2D,Singleplayer,...
                   [Zup! Zero] 2017 | 100k | 2284 (94%) | 0.7h
                               Indie,Casual,Puzzle,2D,Minimalist,Physics,Relax...
     [Tormentum - Dark Sorrow] 2015 | 100k | 2254 (94%) | 3.0h
                               Point & Click,Dark Fantasy,Adventure,Dark,Puzzl...
                     [Shatter] 2010 | 200k | 1102 (94%) | 2.5h
                               Great Soundtrack,Indie,Arcade,Action,Local Co-O...
           [A Raven Monologue] 2018 | 100k | 2174 (95%) | 0.1h
                               Free to Play,Indie,Casual,Atmospheric,Relaxing,...
                [Kero Blaster] 2015 | 200k | 1046 (94%) | 3.5h
                               Side Scroller,Shoot 'Em Up,Difficult,Platformer...
      [Analogue: A Hate Story] 2012 | 100k | 2038 (93%) | 3.0h
                               Visual Novel,Anime,Indie,Sci-fi,Story Rich,Inte...
                      [Zup! 6] 2017 | 100k | 2006 (95%) | 0.7h
                               Indie,Casual,Puzzle,Short,Minimalist,Physics,Re...
                       [Akane] 2018 | 100k | 1963 (96%) | 3.5h
                               Indie,Cyberpunk,Action,Pixel Graphics,Gore,Viol...
    [The Jackbox Party Pack 5] 2018 | 100k | 1930 (93%) | 3.0h
                               Casual,Local Multiplayer,Comedy,Trivia,Funny,Mu...
           [The Count Lucanor] 2016 | 100k | 1821 (95%) | 3.5h
                               Survival Horror,Horror,Stealth,Gore,Puzzle,Expl...
[Super Amazing Wagon Adventure] 2013 | 100k | 1803 (95%) | 1.0h
                               Indie,Action,Action Roguelike,Adventure,Comedy,...
                       [Minit] 2018 | 100k | 1844 (90%) | 1.5h
                               Minimalist,Adventure,Indie,Pixel Graphics,Puzzl...
                       [Bleed] 2013 | 100k | 1720 (93%) | 1.5h
                               Action,Indie,Platformer,Female Protagonist,Fast...
                   [Year Walk] 2014 | 100k | 1722 (91%) | 1.5h
                               Horror,Indie,Adventure,Atmospheric,Puzzle,Point...
[Jigoku Kisetsukan: Sense of the Seasons] 2015 | 100k | 1635 (93%) | 1.0h
                               Bullet Hell,Free to Play,Anime,Shoot 'Em Up,Ind...
                 [Love Ribbon] 2017 | 100k | 1603 (93%) | 3.5h
                               Sexual Content,Female Protagonist,Visual Novel,...
             [Bad Dream: Coma] 2017 | 100k | 1612 (92%) | 3.0h
                               Adventure,Point & Click,Horror,Indie,Gore,Atmos...
                     [80 Days] 2015 | 100k | 1592 (91%) | 3.0h
                               Adventure,Story Rich,Choices Matter,Indie,Strat...
  [Super House of Dead Ninjas] 2013 | 100k | 1514 (96%) | 2.5h
                               Action Roguelike,Action,Platformer,Rogue-like,I...
                   [Disturbed] 2016 | 100k | 1524 (92%) | 0.8h
                               Free to Play,Horror,Adventure,Visual Novel,Simu...
           [FRAMED Collection] 2018 | 100k | 1428 (93%) | 2.5h
                               Indie,Casual,Puzzle,Adventure,Noir,Comic Book,S...
[Nightmares from the Deep: The Cursed Heart] 2014 | 100k | 1432 (92%) | 3.5h
                               Hidden Object,Adventure,Casual,Point & Click,Pu...
      [House of the Dying Sun] 2016 | 100k | 1424 (90%) | 2.5h
                               Action,Simulation,Indie,Space,VR,Space Sim,Sci-...
            [Lovers of Aether] 2019 | 100k | 1335 (93%) | 2.0h
                               Dating Sim,Free to Play,Visual Novel,Indie,Casu...
[Khimera: Destroy All Monster Girls] 2016 | 100k | 1225 (96%) | 3.0h
                               Free to Play,Platformer,Indie,Pixel Graphics,Ad...
                 [Frosty Kiss] 2016 | 100k | 1279 (90%) | 0.3h
                               Free to Play,Visual Novel,Anime,Indie,Adventure...
            [The Magic Circle] 2015 | 100k | 1219 (92%) | 3.5h
                               Adventure,Indie,Puzzle,Story Rich,Simulation,Ac...
  [Abyss: The Wraiths of Eden] 2014 | 100k | 1182 (91%) | 3.0h
                               Hidden Object,Adventure,Casual,Point & Click,Pu...
                        [KAMI] 2014 | 100k | 1112 (96%) | 1.5h
                               Puzzle,Casual,Indie,Relaxing,2D,Singleplayer,Co...
         [Voices from the Sea] 2015 | 100k | 1146 (93%) | 0.7h
                               Free to Play,Visual Novel,Anime,Casual,Adventur...
[Grim Legends 2: Song of the Dark Swan] 2015 | 100k | 1098 (96%) | 3.0h
                               Hidden Object,Casual,Adventure,Point & Click,Fe...
                   [Ittle Dew] 2013 | 100k | 1119 (92%) | 3.0h
                               Adventure,Indie,Puzzle,Female Protagonist,Cute,...
                       [Waves] 2011 | 100k | 1022 (94%) | 1.0h
                               Bullet Hell,Shoot 'Em Up,Twin Stick Shooter,Sho...
             [The Bug Butcher] 2016 | 100k | 1042 (91%) | 2.0h
                               Indie,Action,Shoot 'Em Up,Arcade,Local Co-Op,Co...
            [Choice of Robots] 2014 | 50k | 1860 (97%) | 2.0h
                               Choose Your Own Adventure,Text-Based,Choices Ma...
                      [Zup! 7] 2017 | 50k | 1834 (96%) | 0.9h
                               Casual,Puzzle,Indie,Physics,Minimalist,Short,Re...
          [Detective Grimoire] 2014 | 50k | 1569 (95%) | 2.5h
                               Adventure,Point & Click,Puzzle,Singleplayer,Det...
         [Subsurface Circular] 2017 | 50k | 1547 (94%) | 2.0h
                               Indie,Adventure,Casual,Text-Based,Visual Novel,...
         [The Crown of Leaves] 2018 | 50k | 1485 (97%) | 2.0h
                               Adventure,Indie,Visual Novel,Point & Click,Stor...
[Deep Space Waifu: FLAT JUSTICE] 2017 | 50k | 1449 (96%) | 1.5h
                               Nudity,Sexual Content,Anime,Action,Indie,Casual...
                    [Majotori] 2017 | 50k | 1350 (97%) | 1.5h
                               Trivia,Multiple Endings,Nonlinear,Dark Humor,An...
                     [TSIOQUE] 2018 | 50k | 1374 (96%) | 3.0h
                               Adventure,Point & Click,Indie,Story Rich,Puzzle...
   [Misao: Definitive Edition] 2017 | 50k | 1348 (97%) | 3.0h
                               Horror,Indie,RPGMaker,Anime,Adventure,Pixel Gra...
[I Can't Believe It's Not Gambling] 2017 | 50k | 1359 (92%) | 2.0h
                               Loot,Memes,Funny,Satire,Collectathon,Comedy,Cli...
           [My Brother Rabbit] 2018 | 50k | 1282 (97%) | 3.5h
                               Adventure,Puzzle,Point & Click,Singleplayer,Gre...
                  [IS Defense] 2016 | 50k | 1305 (93%) | 3.0h
                               Action,Indie,Shooter,On-Rails Shooter,War,First...
 [Super Fancy Pants Adventure] 2017 | 50k | 1186 (91%) | 2.0h
                               Action,Adventure,Indie,Casual,Platformer,Parkou...
                    [Bot Vice] 2016 | 50k | 1107 (94%) | 2.5h
                               Top-Down Shooter,Bullet Hell,Shoot 'Em Up,Diffi...
        [Super Trench Attack!] 2014 | 50k | 1139 (91%) | 2.5h
                               Action,RPG,Indie,World War I,Comedy,Singleplaye...
                 [Dino Run DX] 2015 | 50k | 1071 (93%) | 1.5h
                               Dinosaurs,Pixel Graphics,Indie,Racing,Action,Ru...
                  [Hustle Cat] 2016 | 50k | 1072 (93%) | 3.0h
                               Visual Novel,Indie,Casual,Dating Sim,LGBTQ+,Cat...
                [Momodora III] 2014 | 50k | 1045 (94%) | 1.5h
                               Indie,Action,Platformer,Pixel Graphics,Female P...
         [The Gardens Between] 2018 | 20k | 1927 (94%) | 2.5h
                               Short,Time Manipulation,Emotional,Story Rich,Wa...
                   [Swarmlake] 2018 | 20k | 1462 (96%) | 1.0h
                               FPS,Arena Shooter,Retro,Bullet Hell,First-Perso...
[Panzermadels: Tank Dating Simulator] 2016 | 20k | 1356 (92%) | 2.5h
                               Memes,Anime,Dating Sim,Tanks,Visual Novel,Casua...
                          [Ib] 2022 | 20k | 1166 (99%) | 2.5h
                               Horror,Female Protagonist,2D,Psychological Horr...
         [Love at First Sight] 2015 | 20k | 1149 (96%) | 1.5h
                               Visual Novel,Anime,Indie,Romance,Cute,Singlepla...
           [Coming Out on Top] 2017 | 20k | 1116 (96%) | 1.0h
                               Sexual Content,LGBTQ+,Nudity,NSFW,Dating Sim,Ma...
                     [Climbey] 2022 | 20k | 1008 (91%) | 1.0h
                               Simulation,Racing,VR,Parkour,Multiplayer,Indie,...

     Found 198 matching games.