                                   [Geometry Dash] 2014 | 5000k | 182534 (94%) | 0.6h
                                          [Portal] 2007 | 10000k | 108353 (98%) | 3.0h
                               [Little Nightmares] 2017 | 2000k | 75367 (95%) | 3.5h
                          [A Story About My Uncle] 2014 | 5000k | 25589 (92%) | 3.0h
                                  [Goat Simulator] 2014 | 2000k | 53579 (90%) | 1.5h
                           [Half-Life: Blue Shift] 2001 | 10000k | 10256 (91%) | 3.0h
                             [Plague Inc: Evolved] 2016 | 2000k | 41913 (94%) | 2.5h
                                    [SpeedRunners] 2016 | 2000k | 31106 (94%) | 2.0h
                           [Skullgirls 2nd Encore] 2013 | 2000k | 24127 (94%) | 2.5h
                                 [The Expendabros] 2014 | 2000k | 17068 (97%) | 1.0h
                                       [Duck Game] 2015 | 1000k | 32180 (97%) | 0.9h
                         [A Dance of Fire and Ice] 2019 | 1000k | 39971 (94%) | 3.0h
                         [Five Nights at Freddy's] 2014 | 1000k | 31124 (92%) | 2.0h
                                        [SUPERHOT] 2016 | 1000k | 27409 (90%) | 2.5h
        [The Awesome Adventures of Captain Spirit] 2018 | 2000k | 11635 (93%) | 1.5h
                                         [Unheard] 2019 | 1000k | 24009 (97%) | 3.0h
                                    [Risk of Rain] 2013 | 1000k | 26591 (94%) | 3.5h
             [Freddy Fazbear's Pizzeria Simulator] 2017 | 1000k | 19812 (94%) | 2.5h
                                      [Iron Snout] 2016 | 1000k | 16435 (98%) | 2.5h
                     [What Remains of Edith Finch] 2017 | 500k | 25897 (96%) | 2.0h
                                 [Blood and Bacon] 2016 | 500k | 27509 (95%) | 3.0h
                                  [Moonbase Alpha] 2010 | 1000k | 11226 (90%) | 1.0h
                  [Clone Drone in the Danger Zone] 2021 | 500k | 18291 (97%) | 0.9h
                                         [Journey] 2020 | 500k | 20432 (95%) | 2.0h
                                            [ICEY] 2016 | 500k | 20095 (91%) | 2.5h
                       [Five Nights at Freddy's 2] 2014 | 500k | 14402 (94%) | 2.5h
                                     [Baba Is You] 2019 | 500k | 15787 (98%) | 3.5h
                             [Just Shapes & Beats] 2018 | 500k | 14532 (98%) | 3.0h
                                       [ISLANDERS] 2019 | 500k | 13433 (95%) | 2.5h
                                     [Pony Island] 2016 | 500k | 12343 (95%) | 2.5h
                                    [Monster Prom] 2018 | 500k | 10279 (93%) | 1.0h
                                         [The Lab] 2016 | 1000k | 5105 (95%) | 1.5h
                                        [Gunpoint] 2013 | 500k | 11854 (97%) | 3.0h
                      [Transmissions: Element 120] 2016 | 500k | 8734 (94%) | 1.0h
                       [Five Nights at Freddy's 4] 2015 | 500k | 9527 (93%) | 2.0h
                                            [Zup!] 2016 | 500k | 7687 (94%) | 0.3h
                                 [FAR: Lone Sails] 2018 | 500k | 10524 (94%) | 3.0h
                                [Glass Masquerade] 2016 | 1000k | 5375 (97%) | 3.5h
         [Viscera Cleanup Detail: Santa's Rampage] 2013 | 1000k | 4638 (91%) | 2.0h
                                    [Clustertruck] 2016 | 500k | 11119 (93%) | 3.5h
                                [Genital Jousting] 2018 | 500k | 8353 (92%) | 1.5h
                              [Mount Your Friends] 2014 | 500k | 7163 (95%) | 1.0h
                                          [VVVVVV] 2010 | 500k | 8511 (96%) | 2.5h
                                  [Little Inferno] 2012 | 500k | 9148 (94%) | 3.0h
                                         [Refunct] 2015 | 200k | 15798 (96%) | 0.4h
                         [Octodad: Dadliest Catch] 2014 | 500k | 8199 (93%) | 2.5h
        [Five Nights at Freddy's: Sister Location] 2016 | 500k | 8389 (91%) | 2.5h
                            [Cube Escape: Paradox] 2018 | 500k | 6654 (97%) | 2.0h
                                          [Viridi] 2015 | 500k | 7517 (92%) | 2.5h
                                [Thomas Was Alone] 2012 | 500k | 8219 (94%) | 3.5h
                                           [Himno] 2019 | 500k | 4852 (92%) | 0.4h
                         [Do Not Feed the Monkeys] 2018 | 500k | 6490 (93%) | 3.0h
                                    [The Room Two] 2016 | 200k | 14447 (98%) | 3.0h
                                         [Montaro] 2016 | 200k | 11416 (95%) | 1.0h
                                        [Pikuniku] 2019 | 500k | 5454 (96%) | 3.0h
                                         [Gorogoa] 2017 | 200k | 11465 (97%) | 2.0h
                                  [Ticket to Ride] 2012 | 500k | 3942 (90%) | 0.5h
                                    [Soda Dungeon] 2017 | 500k | 5311 (94%) | 3.5h
                                     [Superflight] 2017 | 200k | 9612 (97%) | 1.5h
                                 [One Way Heroics] 2014 | 500k | 3659 (94%) | 2.0h
                                     [FrostRunner] 2019 | 500k | 2980 (95%) | 0.8h
                                            [Hook] 2015 | 200k | 8240 (97%) | 2.0h
               [Tiny and Big: Grandpa's Leftovers] 2012 | 500k | 3681 (92%) | 2.5h
                                        [Florence] 2020 | 200k | 6945 (94%) | 0.7h
                                    [Hidden Folks] 2017 | 200k | 7814 (97%) | 3.0h
                                          [Zup! 2] 2016 | 200k | 5941 (96%) | 0.7h
                               [Hatoful Boyfriend] 2014 | 200k | 6375 (94%) | 1.5h
                             [Out There Somewhere] 2016 | 200k | 6386 (93%) | 1.5h
                                    [Marie's Room] 2018 | 200k | 5429 (94%) | 0.7h
                                    [A Short Hike] 2019 | 100k | 10937 (99%) | 1.5h
                                        [Distance] 2018 | 200k | 6026 (93%) | 2.0h
                                [Rusty Lake Hotel] 2016 | 200k | 5622 (96%) | 2.0h
                                    [Donut County] 2018 | 200k | 5756 (90%) | 2.0h
                                     [Hentai Girl] 2018 | 200k | 4662 (91%) | 0.3h
                        [You Have to Win the Game] 2014 | 200k | 5200 (93%) | 1.5h
                                  [The Silent Age] 2015 | 200k | 6162 (93%) | 3.0h
                                  [What Never Was] 2019 | 200k | 4258 (95%) | 0.5h
                             [Lethal League Blaze] 2018 | 200k | 4976 (97%) | 2.0h
                                          [Zup! 3] 2017 | 200k | 4645 (90%) | 0.9h
                                       [Jamestown] 2011 | 500k | 2114 (94%) | 2.5h
                                        [Hexcells] 2014 | 200k | 4820 (97%) | 2.0h
                              [Meteor 60 Seconds!] 2018 | 200k | 3824 (96%) | 0.1h
                               [Emily is Away Too] 2017 | 200k | 4784 (94%) | 2.0h
                                    [Kindergarten] 2017 | 200k | 5127 (96%) | 3.0h
                             [PULSAR: Lost Colony] 2021 | 200k | 4295 (91%) | 1.5h
                                             [140] 2013 | 200k | 3998 (93%) | 1.0h
                                       [Grow Home] 2015 | 200k | 4579 (92%) | 2.5h
                                      [Botanicula] 2012 | 200k | 4879 (96%) | 3.5h
                                 [Confess My Love] 2017 | 200k | 4018 (93%) | 2.0h
                                        [Contrast] 2013 | 200k | 4635 (91%) | 3.5h
                                      [Yume Nikki] 2018 | 200k | 4420 (93%) | 3.5h
                                       [Turbo Pug] 2015 | 200k | 3066 (91%) | 0.6h
                 [Oh...Sir!! The Insult Simulator] 2016 | 200k | 3140 (91%) | 1.0h
              [Robot Roller-Derby Disco Dodgeball] 2015 | 200k | 3537 (92%) | 2.5h
                                    [SimplePlanes] 2015 | 100k | 8083 (93%) | 3.5h
              [Princess Remedy in a World of Hurt] 2016 | 200k | 2679 (98%) | 0.8h
                                      [Mad Father] 2016 | 200k | 3459 (97%) | 3.0h
                            [Space Pirate Trainer] 2017 | 200k | 2574 (95%) | 0.3h
                                   [Job Simulator] 2016 | 200k | 3293 (90%) | 2.5h
                                      [Tattletail] 2016 | 200k | 2620 (93%) | 1.0h
                             [Rusty Lake Paradise] 2018 | 200k | 3088 (95%) | 3.0h
                           [Super Blue Boy Planet] 2016 | 200k | 2363 (91%) | 0.5h
                         [The Battle of Polytopia] 2020 | 200k | 2481 (95%) | 1.5h
                                        [The Deed] 2015 | 200k | 2312 (90%) | 0.4h
                          [The Darkside Detective] 2017 | 200k | 2937 (95%) | 3.0h
                                       [Aimtastic] 2018 | 200k | 2373 (94%) | 1.5h
                                   [Alien Shooter] 2009 | 200k | 2475 (95%) | 2.0h
                                  [Dreaming Sarah] 2015 | 200k | 2241 (91%) | 1.5h
                             [TowerFall Ascension] 2014 | 200k | 2795 (95%) | 3.5h
                                   [Trick & Treat] 2016 | 200k | 2037 (96%) | 1.5h
                                   [Lara Croft GO] 2016 | 200k | 2759 (92%) | 3.5h
                                   [Fox Hime Zero] 2018 | 100k | 3936 (97%) | 1.5h
                               [Another Adventure] 2017 | 100k | 3935 (91%) | 0.9h
                                       [Papo & Yo] 2013 | 200k | 2564 (94%) | 3.5h
                                          [Zup! 8] 2018 | 100k | 3537 (96%) | 1.0h
                             [I Expect You To Die] 2017 | 200k | 2017 (95%) | 2.0h
                                     [Red Trigger] 2016 | 200k | 1815 (90%) | 0.7h
                          [Kung Fury: Street Rage] 2015 | 200k | 2183 (90%) | 2.5h
                                   [Lovely Planet] 2014 | 200k | 2282 (91%) | 3.0h
                                      [Save Jesus] 2016 | 200k | 1865 (90%) | 2.0h
                                 [HIVESWAP: ACT 1] 2017 | 100k | 3522 (93%) | 2.0h
                                         [Solar 2] 2011 | 200k | 1802 (91%) | 2.0h
                                   [Cheeky Chooks] 2018 | 200k | 2131 (94%) | 3.5h
                              [Press X to Not Die] 2017 | 100k | 3032 (90%) | 0.6h
                             [Hero of the Kingdom] 2013 | 100k | 3914 (93%) | 3.0h
                 [Bloodstained: Curse of the Moon] 2018 | 100k | 3359 (95%) | 2.0h
                        [Full Throttle Remastered] 2017 | 200k | 2045 (93%) | 3.5h
                                      [NEKOPALIVE] 2016 | 200k | 1320 (93%) | 0.3h
                                  [Peggle Extreme] 2007 | 200k | 1282 (93%) | 0.7h
                                           [Zenge] 2016 | 100k | 2722 (95%) | 1.5h
                      [Westerado: Double Barreled] 2015 | 200k | 1591 (92%) | 2.5h
                                          [Zup! 4] 2017 | 100k | 2440 (90%) | 0.7h
                               [A Raven Monologue] 2018 | 100k | 2174 (95%) | 0.1h
                                          [Zup! 5] 2017 | 100k | 2374 (94%) | 1.0h
                                       [Zup! Zero] 2017 | 100k | 2284 (94%) | 0.7h
                                     [Gato Roboto] 2019 | 100k | 2900 (95%) | 3.0h
                            [Electronic Super Joy] 2013 | 100k | 3021 (90%) | 3.0h
                                         [Boson X] 2014 | 200k | 1426 (93%) | 3.0h
                                          [Hylics] 2015 | 100k | 2870 (98%) | 3.5h
                                          [Zup! 6] 2017 | 100k | 2006 (95%) | 0.7h
                    [SEUM: Speedrunners from Hell] 2016 | 100k | 2576 (95%) | 3.0h
                                         [Shatter] 2010 | 200k | 1102 (94%) | 2.5h
                   [Super Amazing Wagon Adventure] 2013 | 100k | 1803 (95%) | 1.0h
                         [Tormentum - Dark Sorrow] 2015 | 100k | 2254 (94%) | 3.0h
                       [Trover Saves the Universe] 2019 | 100k | 2449 (92%) | 3.5h
                                           [Minit] 2018 | 100k | 1844 (90%) | 1.5h
         [Jigoku Kisetsukan: Sense of the Seasons] 2015 | 100k | 1635 (93%) | 1.0h
                                           [Bleed] 2013 | 100k | 1720 (93%) | 1.5h
                                       [Year Walk] 2014 | 100k | 1722 (91%) | 1.5h
                          [Analogue: A Hate Story] 2012 | 100k | 2038 (93%) | 3.0h
                                       [Disturbed] 2016 | 100k | 1524 (92%) | 0.8h
                                    [Kero Blaster] 2015 | 200k | 1046 (94%) | 3.5h
                        [The Jackbox Party Pack 5] 2018 | 100k | 1930 (93%) | 3.0h
                                           [Akane] 2018 | 100k | 1963 (96%) | 3.5h
                               [The Count Lucanor] 2016 | 100k | 1821 (95%) | 3.5h
                                     [Frosty Kiss] 2016 | 100k | 1279 (90%) | 0.3h
                      [Super House of Dead Ninjas] 2013 | 100k | 1514 (96%) | 2.5h
                                 [Bad Dream: Coma] 2017 | 100k | 1612 (92%) | 3.0h
                                         [80 Days] 2015 | 100k | 1592 (91%) | 3.0h
                                [Lovers of Aether] 2019 | 100k | 1335 (93%) | 2.0h
                               [FRAMED Collection] 2018 | 100k | 1428 (93%) | 2.5h
                             [Voices from the Sea] 2015 | 100k | 1146 (93%) | 0.7h
                                     [Love Ribbon] 2017 | 100k | 1603 (93%) | 3.5h
                          [House of the Dying Sun] 2016 | 100k | 1424 (90%) | 2.5h
                                            [KAMI] 2014 | 100k | 1112 (96%) | 1.5h
                                           [Waves] 2011 | 100k | 1022 (94%) | 1.0h
      [Nightmares from the Deep: The Cursed Heart] 2014 | 100k | 1432 (92%) | 3.5h
              [Khimera: Destroy All Monster Girls] 2016 | 100k | 1225 (96%) | 3.0h
                                          [Zup! 7] 2017 | 50k | 1834 (96%) | 0.9h
                                 [The Bug Butcher] 2016 | 100k | 1042 (91%) | 2.0h
                      [Abyss: The Wraiths of Eden] 2014 | 100k | 1182 (91%) | 3.0h
           [Grim Legends 2: Song of the Dark Swan] 2015 | 100k | 1098 (96%) | 3.0h
                                [The Magic Circle] 2015 | 100k | 1219 (92%) | 3.5h
                                       [Ittle Dew] 2013 | 100k | 1119 (92%) | 3.0h
                                [Choice of Robots] 2014 | 50k | 1860 (97%) | 2.0h
                  [Deep Space Waifu: FLAT JUSTICE] 2017 | 50k | 1449 (96%) | 1.5h
                             [Subsurface Circular] 2017 | 50k | 1547 (94%) | 2.0h
                             [The Crown of Leaves] 2018 | 50k | 1485 (97%) | 2.0h
                              [Detective Grimoire] 2014 | 50k | 1569 (95%) | 2.5h
                                        [Majotori] 2017 | 50k | 1350 (97%) | 1.5h
               [I Can't Believe It's Not Gambling] 2017 | 50k | 1359 (92%) | 2.0h
                                         [TSIOQUE] 2018 | 50k | 1374 (96%) | 3.0h
                       [Misao: Definitive Edition] 2017 | 50k | 1348 (97%) | 3.0h
                     [Super Fancy Pants Adventure] 2017 | 50k | 1186 (91%) | 2.0h
                                     [Dino Run DX] 2015 | 50k | 1071 (93%) | 1.5h
                                      [IS Defense] 2016 | 50k | 1305 (93%) | 3.0h
                                    [Momodora III] 2014 | 50k | 1045 (94%) | 1.5h
                               [My Brother Rabbit] 2018 | 50k | 1282 (97%) | 3.5h
                                        [Bot Vice] 2016 | 50k | 1107 (94%) | 2.5h
                            [Super Trench Attack!] 2014 | 50k | 1139 (91%) | 2.5h
                                      [Hustle Cat] 2016 | 50k | 1072 (93%) | 3.0h
                             [The Gardens Between] 2018 | 20k | 1927 (94%) | 2.5h
                                       [Swarmlake] 2018 | 20k | 1462 (96%) | 1.0h
                               [Coming Out on Top] 2017 | 20k | 1116 (96%) | 1.0h
             [Panzermadels: Tank Dating Simulator] 2016 | 20k | 1356 (92%) | 2.5h
                             [Love at First Sight] 2015 | 20k | 1149 (96%) | 1.5h
                                              [Ib] 2022 | 20k | 1166 (99%) | 2.5h
                                         [Climbey] 2022 | 20k | 1008 (91%) | 1.0h

                         Found 198 matching games.