                   [Retrowave] 2022 | 100k | 7631 (95%) | 1.6h | $2.99
                               Racing,Indie,Casual,1980s,Simulation,Action,Retro,Music,Cyberpunk,Relaxing,19...
         [Underground Blossom] 2023 | 100k | 4199 (98%) | 2.1h | $4.99
                               Adventure,Escape Room,Indie,Puzzle,Point & Click,Singleplayer,Mystery,Story R...
                [The Operator] 2024 | 200k | 2192 (93%) | 3.6h | $12.59
                               Conspiracy,Investigation,Detective,Atmospheric,Puzzle,Immersive Sim,Mystery,T...
                     [Exo One] 2021 | 100k | 2741 (91%) | 2.3h | $16.99
                               Atmospheric,Exploration,Flight,Space,Adventure,Physics,Walking Simulator,Rela...
                [Mouthwashing] 2024 | 50k | 3370 (97%) | 2.5h | $12.99
                               Psychological Horror,Atmospheric,Horror,Story Rich,Thriller,Retro,Psychologic...
               [Severed Steel] 2021 | 100k | 1699 (94%) | 3.2h | $24.99
                               FPS,Action,Bullet Time,Parkour,Shooter,First-Person,Female Protagonist,Styliz...
           [Choo-Choo Charles] 2022 | 50k | 2696 (91%) | 2.3h | $19.99
                               Survival Horror,Open World,Horror,First-Person,Shooter,Dark,Action-Adventure,...
 [Thank Goodness You're Here!] 2024 | 50k | 2244 (97%) | 2.4h | $19.99
                               Adventure,Comedy,Hand-drawn,Funny,Exploration,2D Platformer,Casual,Platformer...
               [Summer of '58] 2021 | 50k | 2242 (91%) | 1.6h | $8.99
                               Thriller,Horror,Atmospheric,Psychological Horror,Walking Simulator,Cinematic,...
        [Milo and the Magpies] 2021 | 50k | 1624 (99%) | 1.0h | $1.99
                               Adventure,Point & Click,Exploration,Hidden Object,Hand-drawn,Colorful,Cute,Ca...
          [Nightmare of Decay] 2022 | 50k | 1547 (98%) | 2.5h | $3.99
                               Action,FPS,Horror,Action-Adventure,First-Person,1990's,Indie,Gore,Violent,Zom...
[Fears to Fathom - Ironbark Lookout] 2023 | 50k | 1606 (93%) | 2.2h | $5.99
                               Horror,Atmospheric,Psychological Horror,Narrative,Exploration,Adventure,Thril...
                         [Hoa] 2021 | 50k | 1532 (90%) | 2.4h | $14.99
                               2D Platformer,Relaxing,Atmospheric,Action-Adventure,Hand-drawn,Singleplayer,C...
                  [Incredibox] 2021 | 50k | 1362 (98%) | 0.4h | $4.99
                               Casual,Rhythm,Cartoony,2D,Audio Production,Stylized,Family Friendly,Relaxing,...
                 [Paper Bride] 2021 | 50k | 1070 (92%) | 3.4h | $7.99
                               Horror,Puzzle,2D,Drama,Mystery,Detective,Atmospheric,Thriller,Casual,Singlepl...

      Found 15 matching games.