[Silicon Dreams  |  cyberpunk interrogation] 2021 | 20k | 159 (96%) | 4.6h | $14.99
                               Choices Matter,Story Rich,Investigation,Conversation,Cyberpunk,Multiple Endin...
 [Space Choice: Data Analyzer] 2021 | 20k | 121 (95%) | 0.0h | $0.0
                               Casual,Strategy,Simulation,Experimental,Free to Play,Real Time Tactics,2D,Spa...
    [Retro Classix: Bad Dudes] 2021 | 20k | 25 (96%) | 0.0h | $6.99
                               Beat 'em up,Arcade,Retro,Local Co-Op,1980s,Pixel Graphics,2D,Action,Ninja,Pla...
                [Room to Grow] 2021 | 0k | 117 (97%) | 3.6h | $9.99
                               Puzzle,Difficult,Indie,Singleplayer,Sokoban,Casual,Cute,Strategy,2D,Relaxing,...
[Purrfect Apawcalypse: Purrgatory Furever] 2021 | 0k | 104 (99%) | 0.8h | $5.99
                               Choose Your Own Adventure,Visual Novel,LGBTQ+,Cats,Dog,Horror,Story Rich,Dark...
          [Zool Redimensioned] 2021 | 0k | 82 (99%) | 1.3h | $9.99
                               Retro,Action,Ninja,Precision Platformer,Collectathon,1990's,Adventure,Platfor...
                    [Buissons] 2021 | 0k | 90 (99%) | 0.0h | $8.99
                               Fighting,PvP,Local Multiplayer,4 Player Local,Funny,Cute,Colorful,Hand-drawn,...
             [Secret Agent HD] 2021 | 0k | 93 (99%) | 7.6h | $7.99
                               Action,Adventure,Puzzle-Platformer,Platformer,Puzzle,2D Platformer,Score Atta...
[Sophie's Safecracking Simulator] 2021 | 0k | 45 (96%) | 0.0h | $2.99
                               Simulation,Puzzle,Education,Realistic,Tutorial,Controller,3D,Physics,Singlepl...
          [Yakiniku simulator] 2022 | 0k | 185 (95%) | 0.3h | $4.99
                               Cooking,Simulation,Time Management,Indie,Arcade,Quick-Time Events,Casual,Poin...
                        [Kasi] 2021 | 0k | 127 (98%) | 0.0h | $4.99
                               Casual,Simulation,Building,Sandbox,Management,2D,Life Sim,Minimalist,Colorful...
             [Monster Bash HD] 2021 | 0k | 35 (100%) | 8.6h | $9.99
                               Action,Adventure,Action-Adventure,Platformer,2D Platformer,Exploration,Puzzle...
                 [LumbearJack] 2022 | 0k | 48 (98%) | 1.6h | $12.99
                               Casual,Cute,Funny,Adventure,Puzzle,Physics,Family Friendly,Singleplayer,Comed...
            [Voodoo Detective] 2022 | 0k | 79 (100%) | 4.3h | $14.99
                               Point & Click,Hand-drawn,Story Rich,Noir,Detective,Mystery,Investigation,Come...
[Crimzon Clover World EXplosion] 2021 | 0k | 141 (97%) | 7.6h | $19.99
                               Action,Bullet Hell,Arcade,Shoot 'Em Up,Shooter,Top-Down Shooter,Top-Down,Flig...
      [Dice Tribes: Ambitions] 2022 | 0k | 30 (97%) | 0.0h | $9.99
                               Strategy,Board Game,Singleplayer,Solitaire,Indie
              [Pavlov's House] 2021 | 0k | 37 (100%) | 3.6h | $8.99
                               Strategy,Board Game,Wargame,World War II,Tabletop,Singleplayer,Top-Down,2D
                  [RPG Sounds] 2021 | 0k | 64 (96%) | 0.0h | $0.0
                               Utilities,Audio Production,Music-Based Procedural Generation,Dungeons & Drago...
                 [VTuber Plus] 2022 | 0k | 82 (99%) | 0.0h | $4.99
                               Indie,Animation & Modeling,3D
[You Can Kana - Learn Japanese Hiragana & Katakana] 2021 | 0k | 101 (100%) | 0.3h | $9.99
                               Education,Typing,Word Game,Arcade,Score Attack,Cute,Minimalist,Hand-drawn,Tut...
  [DUSK '82: ULTIMATE EDITION] 2021 | 0k | 198 (99%) | 1.8h | $6.99
                               Puzzle,2D,Arcade,Grid-Based Movement,Adventure,Logic,Sokoban,Strategy,Level E...
             [Fantasy General] 2021 | 0k | 38 (95%) | 51.8h | $2.39
                               Strategy,Singleplayer,Turn-Based Strategy,Fantasy,Turn-Based Combat,Turn-Base...
[Sekai to Sekai no Mannaka de] 2022 | 0k | 140 (97%) | 9.5h | $29.99
                               Casual,Adventure,Word Game,Visual Novel,Interactive Fiction,Story Rich,Anime,...
               [Ninja Village] 2022 | 0k | 120 (100%) | 15.1h | $8.99
                               Tactical RPG,Wargame,Colony Sim,RPG,City Builder,Strategy,Building,Ninja,Swor...
   [RUN: The world in-between] 2022 | 0k | 89 (97%) | 4.7h | $9.99
                               Precision Platformer,Action,Adventure,Procedural Generation,Platformer,2D Pla...
                [Beacon Pines] 2022 | 0k | 166 (98%) | 5.7h | $17.99
                               Colorful,Choices Matter,Exploration,Singleplayer,Story Rich,Cute,Cozy,Relaxin...
[Crash Bandicoot™ 4: It’s About Time] 2022 | 0k | 138 (97%) | 3.2h | $39.99
                               Action,Adventure,3D Platformer,Platformer,Action-Adventure,Cartoony,3D,Single...
[NEO: The World Ends with You] 2022 | 0k | 117 (98%) | 40.1h | $44.99
                               RPG,Action RPG,JRPG,2.5D,2D,3D,Comic Book,Controller,Action,Linear,Story Rich...
              [Doors: Paradox] 2022 | 0k | 37 (97%) | 5.6h | $13.49
                               Puzzle,Multiple Endings,Adventure,Mystery,Point & Click,Atmospheric,Escape Ro...
              [Burnhouse Lane] 2022 | 0k | 69 (97%) | 11.1h | $13.49
                               Adventure,Action-Adventure,Puzzle,Side Scroller,Choices Matter,Psychedelic,At...
                   [Swordship] 2022 | 0k | 33 (100%) | 0.7h | $17.99
                               Action,Arcade,Action Roguelike,3D,Abstract,Colorful,Stylized,Top-Down,Futuris...
            [Graze Counter GM] 2023 | 0k | 43 (98%) | 1.0h | $11.99
                               Action,Shoot 'Em Up,Bullet Hell,Anime,Arcade,Casual,Pixel Graphics,Female Pro...
                    [Homebody] 2023 | 0k | 43 (98%) | 7.0h | $19.99
                               Exploration,Puzzle,Interactive Fiction,Point & Click,Female Protagonist,Third...
[Six Ages 2: Lights Going Out] 2023 | 0k | 56 (100%) | 5.0h | $22.49
                               Choices Matter,Story Rich,Turn-Based Tactics,Procedural Generation,Lore-Rich,...
[Bud Spencer & Terence Hill - Slaps And Beans 2] 2023 | 0k | 122 (98%) | 4.5h | $19.99
                               Local Co-Op,Arcade,Action,2D Fighter,Pixel Graphics,1980s,Comedy,4 Player Loc...
  [Hidden Cats in Spooky Town] 2023 | 0k | 113 (99%) | 0.3h | $3.99
                               Hidden Object,Cats,Relaxing,Point & Click,Cute,Family Friendly,Hand-drawn,Hor...
   [SUPER CRAZY RHYTHM CASTLE] 2023 | 0k | 71 (96%) | 2.7h | $39.99
                               Puzzle,Rhythm,Action,Music,Adventure,Co-op,Multiplayer,Online Co-Op,Singlepla...
[Invincible Presents: Atom Eve] 2023 | 0k | 149 (96%) | 4.4h | $9.99
                               Adventure,Visual Novel,Action,Story Rich,Turn-Based Combat,Superhero,Female P...
        [Dungeon Keeper Gold™] 2024 | 0k | 151 (96%) | 0.2h | $2.0
                               RPG,Strategy,Action RPG,God Game,Real Time Tactics,Singleplayer,Villain Prota...
                     [Archons] 2024 | 0k | 120 (95%) | 3.4h | $9.99
                               Action,Action Roguelike,Bullet Hell,Rogue-lite,Action-Adventure,Controller,Ro...

      Found 40 matching games.