[Silicon Dreams  |  cyberpunk interrogation] 2021 | 20k | 159 (96%) | 4.6h | $14.99
                               Choices Matter,Story Rich,Investigation,Conversation,Cyberpunk,Multiple Endin...
                [Room to Grow] 2021 | 0k | 117 (97%) | 3.6h | $9.99
                               Puzzle,Difficult,Indie,Singleplayer,Sokoban,Casual,Cute,Strategy,2D,Relaxing,...
[Purrfect Apawcalypse: Purrgatory Furever] 2021 | 0k | 104 (99%) | 0.8h | $5.99
                               Choose Your Own Adventure,Visual Novel,LGBTQ+,Cats,Dog,Horror,Story Rich,Dark...
[Sophie's Safecracking Simulator] 2021 | 0k | 45 (96%) | 0.0h | $2.99
                               Simulation,Puzzle,Education,Realistic,Tutorial,Controller,3D,Physics,Singlepl...
          [Yakiniku simulator] 2022 | 0k | 185 (95%) | 0.3h | $4.99
                               Cooking,Simulation,Time Management,Indie,Arcade,Quick-Time Events,Casual,Poin...
            [Voodoo Detective] 2022 | 0k | 79 (100%) | 4.3h | $14.99
                               Point & Click,Hand-drawn,Story Rich,Noir,Detective,Mystery,Investigation,Come...
      [Dice Tribes: Ambitions] 2022 | 0k | 30 (97%) | 0.0h | $9.99
                               Strategy,Board Game,Singleplayer,Solitaire,Indie
              [Pavlov's House] 2021 | 0k | 37 (100%) | 3.6h | $8.99
                               Strategy,Board Game,Wargame,World War II,Tabletop,Singleplayer,Top-Down,2D
                  [RPG Sounds] 2021 | 0k | 64 (96%) | 0.0h | $0.0
                               Utilities,Audio Production,Music-Based Procedural Generation,Dungeons & Drago...
                 [VTuber Plus] 2022 | 0k | 82 (99%) | 0.0h | $4.99
                               Indie,Animation & Modeling,3D
[You Can Kana - Learn Japanese Hiragana & Katakana] 2021 | 0k | 101 (100%) | 0.3h | $9.99
                               Education,Typing,Word Game,Arcade,Score Attack,Cute,Minimalist,Hand-drawn,Tut...
             [Fantasy General] 2021 | 0k | 38 (95%) | 51.8h | $2.39
                               Strategy,Singleplayer,Turn-Based Strategy,Fantasy,Turn-Based Combat,Turn-Base...
                [Beacon Pines] 2022 | 0k | 166 (98%) | 5.7h | $17.99
                               Colorful,Choices Matter,Exploration,Singleplayer,Story Rich,Cute,Cozy,Relaxin...
              [Doors: Paradox] 2022 | 0k | 37 (97%) | 5.6h | $13.49
                               Puzzle,Multiple Endings,Adventure,Mystery,Point & Click,Atmospheric,Escape Ro...
              [Burnhouse Lane] 2022 | 0k | 69 (97%) | 11.1h | $13.49
                               Adventure,Action-Adventure,Puzzle,Side Scroller,Choices Matter,Psychedelic,At...
                   [Swordship] 2022 | 0k | 33 (100%) | 0.7h | $17.99
                               Action,Arcade,Action Roguelike,3D,Abstract,Colorful,Stylized,Top-Down,Futuris...
                    [Homebody] 2023 | 0k | 43 (98%) | 7.0h | $19.99
                               Exploration,Puzzle,Interactive Fiction,Point & Click,Female Protagonist,Third...
[Six Ages 2: Lights Going Out] 2023 | 0k | 56 (100%) | 5.0h | $22.49
                               Choices Matter,Story Rich,Turn-Based Tactics,Procedural Generation,Lore-Rich,...
  [Hidden Cats in Spooky Town] 2023 | 0k | 113 (99%) | 0.3h | $3.99
                               Hidden Object,Cats,Relaxing,Point & Click,Cute,Family Friendly,Hand-drawn,Hor...
[Invincible Presents: Atom Eve] 2023 | 0k | 149 (96%) | 4.4h | $9.99
                               Adventure,Visual Novel,Action,Story Rich,Turn-Based Combat,Superhero,Female P...
        [Dungeon Keeper Gold™] 2024 | 0k | 151 (96%) | 0.2h | $2.0
                               RPG,Strategy,Action RPG,God Game,Real Time Tactics,Singleplayer,Villain Prota...
                     [Archons] 2024 | 0k | 120 (95%) | 3.4h | $9.99
                               Action,Action Roguelike,Bullet Hell,Rogue-lite,Action-Adventure,Controller,Ro...

      Found 22 matching games.