                        [The Secret of Retropolis] 2021 | 50k | 98 (96%) | 1.8h
      [Silicon Dreams  |  cyberpunk interrogation] 2021 | 20k | 159 (96%) | 4.6h
                               [Lolita Expedition] 2022 | 20k | 149 (97%) | 13.1h
                     [Space Choice: Data Analyzer] 2021 | 20k | 121 (95%) | 1.2h
                                        [Vectorio] 2023 | 20k | 85 (96%) | 3.3h
                        [Retro Classix: Bad Dudes] 2021 | 20k | 25 (96%) | 0.2h
                                    [Room to Grow] 2021 | 0k | 117 (97%) | 1.5h
        [Purrfect Apawcalypse: Purrgatory Furever] 2021 | 0k | 104 (99%) | 4.2h
                              [Zool Redimensioned] 2021 | 0k | 82 (99%) | 1.3h
                                        [Buissons] 2021 | 0k | 90 (99%) | 1.6h
                                 [Secret Agent HD] 2021 | 0k | 93 (99%) | 14.3h
                          [Bravery Network Online] 2021 | 0k | 141 (95%) | 0.3h
             [FWsim - Fireworks Display Simulator] 2021 | 0k | 48 (96%) | 0.2h
                 [Sophie's Safecracking Simulator] 2021 | 0k | 45 (96%) | 0.2h
                                       [Ex-Zodiac] 2022 | 0k | 167 (100%) | 0.7h
                              [Yakiniku simulator] 2022 | 0k | 185 (95%) | 0.3h
                                            [Kasi] 2021 | 0k | 127 (98%) | 1.1h
                                     [Bone's Cafe] 2022 | 0k | 89 (98%) | 1.5h
                               [Sakura Succubus 6] 2022 | 0k | 23 (100%) | 0.1h
                                 [Monster Bash HD] 2021 | 0k | 35 (100%) | 3.8h
                                     [LumbearJack] 2022 | 0k | 48 (98%) | 3.5h
                                [Voodoo Detective] 2022 | 0k | 79 (100%) | 0.2h
                                  [Temple Of Snek] 2021 | 0k | 120 (98%) | 1.5h
                  [Crimzon Clover World EXplosion] 2021 | 0k | 141 (97%) | 7.6h
                             [Kinkoi: Golden Time] 2022 | 0k | 125 (98%) | 8.8h
                                  [Moons of Ardan] 2021 | 0k | 39 (95%) | 1.9h
                          [Dice Tribes: Ambitions] 2022 | 0k | 30 (97%) | 0.8h
                      [Terminus: Zombie Survivors] 2021 | 0k | 181 (95%) | 0.1h
                                  [Pavlov's House] 2021 | 0k | 37 (100%) | 3.6h
 [Sentimental Trickster: Yaoi BL Gay Visual Novel] 2021 | 0k | 56 (98%) | 9.6h
                                         [ARK-ADE] 2021 | 0k | 63 (98%) | 0.3h
                                      [RPG Sounds] 2021 | 0k | 64 (96%) | 5.3h
                         [Minnano Gensokyo Single] 2021 | 0k | 157 (95%) | 4.6h
                                     [VTuber Plus] 2022 | 0k | 82 (99%) | 0.2h
[You Can Kana - Learn Japanese Hiragana & Katakana] 2021 | 0k | 101 (100%) | 0.3h
                      [DUSK '82: ULTIMATE EDITION] 2021 | 0k | 198 (99%) | 0.2h
                        [Halluci-Sabbat of Koishi] 2022 | 0k | 189 (96%) | 1.4h
                                 [Fantasy General] 2021 | 0k | 38 (95%) | 57.5h
                    [Sekai to Sekai no Mannaka de] 2022 | 0k | 140 (97%) | 9.5h
                                   [Ninja Village] 2022 | 0k | 120 (100%) | 3.2h
          [Traditional Chinese Medicine Simulator] 2021 | 0k | 146 (99%) | 0.4h
            [Slobbish Dragon Princess LOVE + PLUS] 2021 | 0k | 44 (98%) | 0.0h
                [Behind Glass: Aquarium Simulator] 2021 | 0k | 114 (97%) | 0.3h
                       [RUN: The world in-between] 2022 | 0k | 89 (97%) | 6.7h
        [Hush Hush - Only Your Love Can Save Them] 2022 | 0k | 157 (95%) | 10.6h
                                    [Beacon Pines] 2022 | 0k | 166 (98%) | 6.8h
             [Crash Bandicoot™ 4: It’s About Time] 2022 | 0k | 138 (97%) | 3.2h
                    [NEO: The World Ends with You] 2022 | 0k | 117 (98%) | 4.7h
                               [Of Blades & Tails] 2022 | 0k | 32 (97%) | 1.1h
                                  [Doors: Paradox] 2022 | 0k | 37 (97%) | 1.6h
                                  [Burnhouse Lane] 2022 | 0k | 69 (97%) | 1.8h
                                       [Swordship] 2022 | 0k | 33 (100%) | 0.7h
                                [Graze Counter GM] 2023 | 0k | 43 (98%) | 0.5h
                [The Black Grimoire: Cursebreaker] 2023 | 0k | 42 (98%) | 14.8h
                                        [Homebody] 2023 | 0k | 43 (98%) | 2.1h
                       [Dragon Princess is Hungry] 2023 | 0k | 89 (97%) | 14.4h
                    [Six Ages 2: Lights Going Out] 2023 | 0k | 56 (100%) | 0.8h
                                 [WhaleGameOnline] 2023 | 0k | 45 (96%) | 1.6h
  [Bud Spencer & Terence Hill - Slaps And Beans 2] 2023 | 0k | 122 (98%) | 3.7h
                      [Hidden Cats in Spooky Town] 2023 | 0k | 113 (99%) | 1.6h
                       [SUPER CRAZY RHYTHM CASTLE] 2023 | 0k | 71 (96%) | 2.7h
                   [Invincible Presents: Atom Eve] 2023 | 0k | 149 (96%) | 0.0h
                          [Penny Blood: Hellbound] 2024 | 0k | 23 (100%) | 0.3h
                            [Dungeon Keeper Gold™] 2024 | 0k | 151 (96%) | 0.2h
                             [Dark Hunting Ground] 2024 | 0k | 148 (97%) | 1.6h
                                         [Archons] 2024 | 0k | 120 (95%) | 0.1h
           [Spirit Swap: Lofi Beats to Match-3 To] 2025 | 0k | 157 (96%) | 2.4h
                               [The Darkest Files] 2025 | 0k | 153 (95%) | 4.1h
                                       [Expelled!] 2025 | 0k | 98 (97%) | 28.7h

                          Found 69 matching games.